GET /api-docs/ 304 - - 6.191 ms Mon, 16 Oct 2023 00:30:50 GMT -
GET /api-docs/swagger-ui.css 304 - - 6.190 ms Mon, 16 Oct 2023 00:30:50 GMT -
GET /api-docs/swagger-ui-bundle.js 304 - - 11.008 ms Mon, 16 Oct 2023 00:30:50 GMT -
GET /api-docs/swagger-ui-init.js 304 - - 1.635 ms Mon, 16 Oct 2023 00:30:50 GMT -
GET /api-docs/swagger-ui-standalone-preset.js 304 - - 5.770 ms Mon, 16 Oct 2023 00:30:50 GMT -
GET /api-docs/favicon-32x32.png 304 - - 0.628 ms Mon, 16 Oct 2023 00:30:50 GMT -
GET /alu?cantAVer=12312&paginaActual=1 200 1066 - 106.315 ms Mon, 16 Oct 2023 00:30:59 GMT -
POST /alu 201 9 - 61.713 ms Mon, 16 Oct 2023 00:32:58 GMT application/json
GET /alu?cantAVer=12312&paginaActual=1 200 1112 - 9.604 ms Mon, 16 Oct 2023 00:44:13 GMT -
GET /alu?cantAVer=12312&paginaActual=1 304 - - 8.720 ms Mon, 16 Oct 2023 00:53:43 GMT -
GET /alu?cantAVer=12312&paginaActual=1 500 1274 - 470.919 ms Mon, 16 Oct 2023 00:56:29 GMT -
GET /api-docs/ 304 - - 6.827 ms Mon, 16 Oct 2023 01:02:44 GMT -
GET /api-docs/swagger-ui.css 304 - - 1.697 ms Mon, 16 Oct 2023 01:02:44 GMT -
GET /api-docs/swagger-ui-bundle.js 304 - - 1.807 ms Mon, 16 Oct 2023 01:02:44 GMT -
GET /api-docs/swagger-ui-init.js 304 - - 0.874 ms Mon, 16 Oct 2023 01:02:44 GMT -
GET /api-docs/swagger-ui-standalone-preset.js 304 - - 4.075 ms Mon, 16 Oct 2023 01:02:44 GMT -
GET /api-docs/favicon-32x32.png 304 - - 0.554 ms Mon, 16 Oct 2023 01:02:45 GMT -
GET /alu?cantAVer=12&paginaActual=1 200 465 - 78.334 ms Mon, 16 Oct 2023 01:02:51 GMT -
GET /api-docs/ 304 - - 6.083 ms Mon, 16 Oct 2023 01:07:08 GMT -
GET /api-docs/swagger-ui.css 304 - - 1.840 ms Mon, 16 Oct 2023 01:07:08 GMT -
GET /api-docs/swagger-ui-init.js 304 - - 1.614 ms Mon, 16 Oct 2023 01:07:08 GMT -
GET /api-docs/swagger-ui-bundle.js 304 - - 4.799 ms Mon, 16 Oct 2023 01:07:08 GMT -
GET /api-docs/swagger-ui-standalone-preset.js 304 - - 4.858 ms Mon, 16 Oct 2023 01:07:08 GMT -
GET /api-docs/favicon-32x32.png 304 - - 1.583 ms Mon, 16 Oct 2023 01:07:08 GMT -
GET /alu?cantAVer=123&paginaActual=1 500 1288 - 340.917 ms Mon, 16 Oct 2023 01:07:17 GMT -
GET /api-docs/ 304 - - 6.410 ms Mon, 16 Oct 2023 01:08:09 GMT -
GET /api-docs/swagger-ui.css 304 - - 3.494 ms Mon, 16 Oct 2023 01:08:09 GMT -
GET /api-docs/swagger-ui-bundle.js 304 - - 1.925 ms Mon, 16 Oct 2023 01:08:09 GMT -
GET /api-docs/swagger-ui-standalone-preset.js 304 - - 3.639 ms Mon, 16 Oct 2023 01:08:09 GMT -
GET /api-docs/swagger-ui-init.js 304 - - 0.939 ms Mon, 16 Oct 2023 01:08:09 GMT -
GET /api-docs/favicon-32x32.png 304 - - 0.475 ms Mon, 16 Oct 2023 01:08:10 GMT -
GET /alu?cantAVer=12&paginaActual=1 304 - - 92.263 ms Mon, 16 Oct 2023 01:08:14 GMT -
GET /api-docs/ 200 3106 - 6.689 ms Mon, 16 Oct 2023 01:11:03 GMT -
GET /api-docs/swagger-ui-init.js 304 - - 0.942 ms Mon, 16 Oct 2023 01:11:03 GMT -
GET /api-docs/swagger-ui.css 304 - - 5.390 ms Mon, 16 Oct 2023 01:11:03 GMT -
GET /api-docs/swagger-ui-bundle.js 304 - - 6.216 ms Mon, 16 Oct 2023 01:11:03 GMT -
GET /api-docs/swagger-ui-standalone-preset.js 304 - - 4.272 ms Mon, 16 Oct 2023 01:11:03 GMT -
GET /api-docs/favicon-32x32.png 304 - - 0.930 ms Mon, 16 Oct 2023 01:11:04 GMT -
POST /alu 201 9 - 148.491 ms Mon, 16 Oct 2023 01:11:10 GMT application/json
PUT /alu/23 200 2 - 52.229 ms Mon, 16 Oct 2023 01:11:43 GMT application/json
GET /alu/23 200 47 - 8.871 ms Mon, 16 Oct 2023 01:11:57 GMT -
DELETE /alu/23 200 2 - 74.240 ms Mon, 16 Oct 2023 01:12:08 GMT -
GET /api-docs/ 200 3106 - 12.689 ms Wed, 18 Oct 2023 23:01:57 GMT -
GET /api-docs/swagger-ui-init.js 200 30189 - 0.914 ms Wed, 18 Oct 2023 23:01:57 GMT -
GET /api-docs/swagger-ui.css 200 151211 - 59.157 ms Wed, 18 Oct 2023 23:01:57 GMT -
GET /api-docs/swagger-ui-bundle.js 304 - - 3.706 ms Wed, 18 Oct 2023 23:01:57 GMT -
GET /api-docs/swagger-ui-standalone-preset.js 200 230640 - 46.050 ms Wed, 18 Oct 2023 23:01:57 GMT -
GET /api-docs/swagger-ui-init.js 200 30189 - 0.472 ms Wed, 18 Oct 2023 23:01:57 GMT -
GET /api-docs/swagger-ui-standalone-preset.js 200 230640 - 0.833 ms Wed, 18 Oct 2023 23:01:57 GMT -
GET /api-docs/swagger-ui-bundle.js 304 - - 0.501 ms Wed, 18 Oct 2023 23:01:57 GMT -
GET /api-docs/favicon-16x16.png - - - - ms Wed, 18 Oct 2023 23:01:59 GMT -
GET /api-docs/ 304 - - 9.916 ms Wed, 18 Oct 2023 23:10:34 GMT -
GET /api-docs/swagger-ui.css 304 - - 1.521 ms Wed, 18 Oct 2023 23:10:35 GMT -
GET /api-docs/swagger-ui-init.js 200 31033 - 0.630 ms Wed, 18 Oct 2023 23:10:35 GMT -
GET /api-docs/swagger-ui-bundle.js 304 - - 3.095 ms Wed, 18 Oct 2023 23:10:35 GMT -
GET /api-docs/swagger-ui-standalone-preset.js 304 - - 4.763 ms Wed, 18 Oct 2023 23:10:35 GMT -
GET /api-docs/swagger-ui-init.js 200 31033 - 0.604 ms Wed, 18 Oct 2023 23:10:35 GMT -
GET /api-docs/swagger-ui-bundle.js 304 - - 0.575 ms Wed, 18 Oct 2023 23:10:35 GMT -
GET /api-docs/swagger-ui-standalone-preset.js 200 230640 - 6.930 ms Wed, 18 Oct 2023 23:10:35 GMT -
GET /api-docs/favicon-16x16.png - - - - ms Wed, 18 Oct 2023 23:10:38 GMT -
GET /api-docs/ 200 3106 - 4.609 ms Wed, 18 Oct 2023 23:16:45 GMT -
GET /api-docs/swagger-ui-init.js 200 31131 - 0.477 ms Wed, 18 Oct 2023 23:16:45 GMT -
GET /api-docs/swagger-ui.css 200 151211 - 6.772 ms Wed, 18 Oct 2023 23:16:45 GMT -
GET /api-docs/swagger-ui-standalone-preset.js 200 230640 - 10.409 ms Wed, 18 Oct 2023 23:16:45 GMT -
GET /api-docs/swagger-ui-bundle.js 200 1385226 - 45.200 ms Wed, 18 Oct 2023 23:16:45 GMT -
GET /api-docs/favicon-16x16.png 200 665 - 1.004 ms Wed, 18 Oct 2023 23:16:46 GMT -
POST /alu 201 8 - 214.209 ms Wed, 18 Oct 2023 23:17:24 GMT application/json
POST /login 201 197 - 153.908 ms Wed, 18 Oct 2023 23:17:45 GMT application/json
GET /api-docs/ 200 3106 - 16.059 ms Wed, 18 Oct 2023 23:30:14 GMT -
GET /api-docs/swagger-ui.css 200 151211 - 8.764 ms Wed, 18 Oct 2023 23:30:14 GMT -
GET /api-docs/swagger-ui-init.js 200 31769 - 1.043 ms Wed, 18 Oct 2023 23:30:14 GMT -
GET /api-docs/swagger-ui-standalone-preset.js 200 230640 - 2.585 ms Wed, 18 Oct 2023 23:30:14 GMT -
GET /api-docs/swagger-ui-bundle.js 200 1385226 - 2.287 ms Wed, 18 Oct 2023 23:30:14 GMT -
GET /api-docs/favicon-16x16.png 200 665 - 1.008 ms Wed, 18 Oct 2023 23:30:14 GMT -
POST /login 400 34 - 216.563 ms Wed, 18 Oct 2023 23:31:02 GMT application/json
POST /login 400 34 - 118.714 ms Wed, 18 Oct 2023 23:31:19 GMT application/json
POST /login/crear 201 186 - 238.885 ms Wed, 18 Oct 2023 23:31:42 GMT application/json
POST /login/crear 201 186 - 215.895 ms Wed, 18 Oct 2023 23:31:46 GMT application/json
POST /login/crear 201 186 - 216.967 ms Wed, 18 Oct 2023 23:31:57 GMT application/json
POST /login/crear 201 186 - 137.050 ms Wed, 18 Oct 2023 23:32:00 GMT application/json
POST /login/crear 201 186 - 166.927 ms Wed, 18 Oct 2023 23:32:02 GMT application/json
POST /login/crear 201 186 - 142.143 ms Wed, 18 Oct 2023 23:32:13 GMT application/json
POST /login/crear 201 186 - 214.245 ms Wed, 18 Oct 2023 23:32:19 GMT application/json
GET /api-docs/ 304 - - 0.762 ms Wed, 18 Oct 2023 23:32:31 GMT -
GET /api-docs/swagger-ui.css 304 - - 0.784 ms Wed, 18 Oct 2023 23:32:31 GMT -
GET /api-docs/swagger-ui-init.js 304 - - 0.435 ms Wed, 18 Oct 2023 23:32:31 GMT -
GET /api-docs/swagger-ui-standalone-preset.js 304 - - 1.391 ms Wed, 18 Oct 2023 23:32:31 GMT -
GET /api-docs/swagger-ui-bundle.js 304 - - 1.167 ms Wed, 18 Oct 2023 23:32:31 GMT -
GET /api-docs/favicon-16x16.png 200 665 - 1.102 ms Wed, 18 Oct 2023 23:32:31 GMT -
POST /login/crear 201 186 - 169.599 ms Wed, 18 Oct 2023 23:32:38 GMT application/json
GET /api-docs/ 200 3106 - 8.456 ms Wed, 18 Oct 2023 23:33:58 GMT -
GET /api-docs/swagger-ui.css 304 - - 9.260 ms Wed, 18 Oct 2023 23:33:58 GMT -
GET /api-docs/swagger-ui-bundle.js 304 - - 10.513 ms Wed, 18 Oct 2023 23:33:58 GMT -
GET /api-docs/swagger-ui-init.js 200 31769 - 0.482 ms Wed, 18 Oct 2023 23:33:58 GMT -
GET /api-docs/swagger-ui-standalone-preset.js 304 - - 2.410 ms Wed, 18 Oct 2023 23:33:58 GMT -
POST /login/crear 201 187 - 217.419 ms Wed, 18 Oct 2023 23:34:17 GMT application/json
GET /api-docs/swagger-ui.css.map 200 260435 - 129.167 ms Wed, 18 Oct 2023 23:34:25 GMT -
POST /login/crear 201 187 - 256.660 ms Wed, 18 Oct 2023 23:34:27 GMT application/json
POST /login/crear 201 187 - 141.299 ms Wed, 18 Oct 2023 23:34:31 GMT application/json
GET /api-docs/ 304 - - 6.061 ms Wed, 18 Oct 2023 23:35:58 GMT -
GET /api-docs/swagger-ui.css 304 - - 7.119 ms Wed, 18 Oct 2023 23:35:59 GMT -
GET /api-docs/swagger-ui-init.js 200 31980 - 0.799 ms Wed, 18 Oct 2023 23:35:59 GMT -
GET /api-docs/swagger-ui-bundle.js 304 - - 4.562 ms Wed, 18 Oct 2023 23:35:59 GMT -
GET /api-docs/swagger-ui-standalone-preset.js 304 - - 8.517 ms Wed, 18 Oct 2023 23:35:59 GMT -
POST /login/crear 201 187 - 338.625 ms Wed, 18 Oct 2023 23:36:10 GMT application/json
POST /login 200 148 - 262.499 ms Wed, 18 Oct 2023 23:36:28 GMT application/json
POST /login/crear 201 201 - 230.035 ms Wed, 18 Oct 2023 23:37:07 GMT application/json
POST /login 200 168 - 129.785 ms Wed, 18 Oct 2023 23:37:23 GMT application/json
POST /login 400 34 - 137.991 ms Wed, 18 Oct 2023 23:37:34 GMT application/json
POST /login 200 148 - 72.763 ms Wed, 18 Oct 2023 23:38:49 GMT application/json
GET /mat?cantAVer=12&paginaActual=12 200 2 - 19.352 ms Wed, 18 Oct 2023 23:40:21 GMT -
GET /api-docs/ 304 - - 5.121 ms Sat, 04 Nov 2023 01:05:56 GMT -
GET /api-docs/swagger-ui.css 200 151211 - 5.946 ms Sat, 04 Nov 2023 01:05:56 GMT -
GET /api-docs/swagger-ui-init.js 200 31980 - 0.570 ms Sat, 04 Nov 2023 01:05:56 GMT -
GET /api-docs/swagger-ui-standalone-preset.js 200 230640 - 9.329 ms Sat, 04 Nov 2023 01:05:56 GMT -
GET /api-docs/swagger-ui-bundle.js 200 1385226 - 8.601 ms Sat, 04 Nov 2023 01:05:56 GMT -
GET /api-docs/favicon-32x32.png 200 628 - 1.033 ms Sat, 04 Nov 2023 01:05:57 GMT -
GET /api-docs/ 304 - - 1.010 ms Sat, 04 Nov 2023 01:05:58 GMT -
GET /api-docs/swagger-ui-init.js 304 - - 0.574 ms Sat, 04 Nov 2023 01:05:58 GMT -
GET /api-docs/swagger-ui.css 304 - - 3.406 ms Sat, 04 Nov 2023 01:05:58 GMT -
GET /api-docs/swagger-ui-bundle.js 304 - - 4.436 ms Sat, 04 Nov 2023 01:05:58 GMT -
GET /api-docs/swagger-ui-standalone-preset.js 304 - - 5.150 ms Sat, 04 Nov 2023 01:05:58 GMT -
GET /api-docs/favicon-32x32.png 304 - - 0.499 ms Sat, 04 Nov 2023 01:05:59 GMT -
GET /alu?cantAVer=12&paginaActual=1 304 - - 80.369 ms Sat, 04 Nov 2023 01:06:05 GMT -
GET /mat?cantAVer=12&paginaActual=1 304 - - 16.824 ms Sat, 04 Nov 2023 01:06:30 GMT -
GET /car?cantAVer=12&paginaActual=1 304 - - 7.944 ms Sat, 04 Nov 2023 01:06:42 GMT -
GET /ins?cantAVer=12&paginaActual=1 304 - - 11.656 ms Sat, 04 Nov 2023 01:06:57 GMT -
GET /api-docs/ 304 - - 7.425 ms Sat, 04 Nov 2023 01:10:26 GMT -
GET /api-docs/swagger-ui.css 304 - - 4.315 ms Sat, 04 Nov 2023 01:10:26 GMT -
GET /api-docs/swagger-ui-bundle.js 304 - - 4.446 ms Sat, 04 Nov 2023 01:10:26 GMT -
GET /api-docs/swagger-ui-standalone-preset.js 304 - - 1.057 ms Sat, 04 Nov 2023 01:10:26 GMT -
GET /api-docs/swagger-ui-init.js 304 - - 0.604 ms Sat, 04 Nov 2023 01:10:26 GMT -
GET /api-docs/favicon-32x32.png 304 - - 0.499 ms Sat, 04 Nov 2023 01:10:26 GMT -
GET /api-docs/ 304 - - 0.968 ms Sat, 04 Nov 2023 01:10:30 GMT -
GET /api-docs/swagger-ui-init.js 304 - - 0.426 ms Sat, 04 Nov 2023 01:10:30 GMT -
GET /api-docs/swagger-ui.css 304 - - 2.711 ms Sat, 04 Nov 2023 01:10:30 GMT -
GET /api-docs/swagger-ui-bundle.js 304 - - 3.221 ms Sat, 04 Nov 2023 01:10:30 GMT -
GET /api-docs/swagger-ui-standalone-preset.js 304 - - 3.991 ms Sat, 04 Nov 2023 01:10:30 GMT -
GET /api-docs/favicon-32x32.png 304 - - 1.750 ms Sat, 04 Nov 2023 01:10:30 GMT -
GET /api-docs/ 304 - - 0.963 ms Sat, 04 Nov 2023 01:10:31 GMT -
GET /api-docs/swagger-ui-init.js 304 - - 0.970 ms Sat, 04 Nov 2023 01:10:31 GMT -
GET /api-docs/swagger-ui.css 304 - - 4.306 ms Sat, 04 Nov 2023 01:10:31 GMT -
GET /api-docs/swagger-ui-bundle.js 304 - - 5.183 ms Sat, 04 Nov 2023 01:10:31 GMT -
GET /api-docs/swagger-ui-standalone-preset.js 304 - - 5.787 ms Sat, 04 Nov 2023 01:10:31 GMT -
GET /api-docs/favicon-32x32.png 304 - - 0.884 ms Sat, 04 Nov 2023 01:10:31 GMT -
GET /api-docs/ 304 - - 5.628 ms Sat, 04 Nov 2023 01:12:44 GMT -
GET /api-docs/swagger-ui-init.js 304 - - 0.815 ms Sat, 04 Nov 2023 01:12:44 GMT -
GET /api-docs/swagger-ui.css 304 - - 10.691 ms Sat, 04 Nov 2023 01:12:44 GMT -
GET /api-docs/swagger-ui-bundle.js 304 - - 11.507 ms Sat, 04 Nov 2023 01:12:44 GMT -
GET /api-docs/swagger-ui-standalone-preset.js 304 - - 11.588 ms Sat, 04 Nov 2023 01:12:44 GMT -
GET /api-docs/favicon-32x32.png 304 - - 0.691 ms Sat, 04 Nov 2023 01:12:44 GMT -
POST /login/crear 201 196 - 205.837 ms Sat, 04 Nov 2023 01:13:01 GMT application/json
POST /login 200 161 - 105.382 ms Sat, 04 Nov 2023 01:13:20 GMT application/json
GET /api-docs/ 304 - - 6.440 ms Sat, 04 Nov 2023 01:17:35 GMT -
GET /api-docs/swagger-ui.css 304 - - 2.291 ms Sat, 04 Nov 2023 01:17:35 GMT -
GET /api-docs/swagger-ui-bundle.js 304 - - 3.042 ms Sat, 04 Nov 2023 01:17:35 GMT -
GET /api-docs/swagger-ui-init.js 200 31988 - 1.096 ms Sat, 04 Nov 2023 01:17:35 GMT -
GET /api-docs/swagger-ui-standalone-preset.js 304 - - 6.875 ms Sat, 04 Nov 2023 01:17:35 GMT -
GET /api-docs/favicon-32x32.png 304 - - 0.537 ms Sat, 04 Nov 2023 01:17:36 GMT -
GET /api-docs/ 304 - - 5.482 ms Sat, 04 Nov 2023 01:18:16 GMT -
GET /api-docs/swagger-ui.css 304 - - 3.548 ms Sat, 04 Nov 2023 01:18:16 GMT -
GET /api-docs/swagger-ui-bundle.js 304 - - 3.901 ms Sat, 04 Nov 2023 01:18:16 GMT -
GET /api-docs/swagger-ui-init.js 200 31988 - 1.051 ms Sat, 04 Nov 2023 01:18:16 GMT -
GET /api-docs/swagger-ui-standalone-preset.js 304 - - 3.759 ms Sat, 04 Nov 2023 01:18:16 GMT -
GET /api-docs/favicon-32x32.png 304 - - 0.551 ms Sat, 04 Nov 2023 01:18:16 GMT -
GET /car?cantAVer=12&paginaActual=1 304 - - 76.669 ms Sat, 04 Nov 2023 01:18:33 GMT -
GET /api-docs/ 304 - - 5.918 ms Sun, 05 Nov 2023 14:20:51 GMT -
GET /api-docs/swagger-ui-init.js 304 - - 0.860 ms Sun, 05 Nov 2023 14:20:51 GMT -
GET /api-docs/swagger-ui-standalone-preset.js 304 - - 4.327 ms Sun, 05 Nov 2023 14:20:51 GMT -
GET /api-docs/swagger-ui.css 304 - - 18.426 ms Sun, 05 Nov 2023 14:20:51 GMT -
GET /api-docs/swagger-ui-bundle.js 304 - - 58.561 ms Sun, 05 Nov 2023 14:20:51 GMT -
GET /api-docs/favicon-32x32.png 304 - - 19.114 ms Sun, 05 Nov 2023 14:20:52 GMT -
GET /api-docs/ 304 - - 6.190 ms Sun, 05 Nov 2023 22:46:00 GMT -
GET /api-docs/swagger-ui.css 304 - - 2.940 ms Sun, 05 Nov 2023 22:46:00 GMT -
GET /api-docs/swagger-ui-standalone-preset.js 304 - - 1.603 ms Sun, 05 Nov 2023 22:46:00 GMT -
GET /api-docs/swagger-ui-bundle.js 304 - - 16.320 ms Sun, 05 Nov 2023 22:46:00 GMT -
GET /api-docs/swagger-ui-init.js 304 - - 0.591 ms Sun, 05 Nov 2023 22:46:00 GMT -
GET /api-docs/favicon-32x32.png 304 - - 14.534 ms Sun, 05 Nov 2023 22:46:01 GMT -
GET /api-docs/ 304 - - 5.762 ms Sun, 05 Nov 2023 22:56:49 GMT -
GET /api-docs/swagger-ui.css 304 - - 4.263 ms Sun, 05 Nov 2023 22:56:49 GMT -
GET /api-docs/swagger-ui-bundle.js 304 - - 4.527 ms Sun, 05 Nov 2023 22:56:49 GMT -
GET /api-docs/swagger-ui-init.js 200 30537 - 1.679 ms Sun, 05 Nov 2023 22:56:49 GMT -
GET /api-docs/swagger-ui-standalone-preset.js 304 - - 9.276 ms Sun, 05 Nov 2023 22:56:49 GMT -
GET /api-docs/favicon-32x32.png 304 - - 1.718 ms Sun, 05 Nov 2023 22:56:49 GMT -
GET /alu?cantAVer=12&paginaActual=1 304 - - 588.051 ms Sun, 05 Nov 2023 22:59:27 GMT -
POST /login/crear 201 196 - 229.250 ms Sun, 05 Nov 2023 22:59:56 GMT application/json
POST /login 200 161 - 112.374 ms Sun, 05 Nov 2023 23:00:28 GMT application/json
GET /alu?cantAVer=12&paginaActual=1 304 - - 16.744 ms Sun, 05 Nov 2023 23:01:16 GMT -
GET /alu?cantAVer=12&paginaActual=1 304 - - 11.903 ms Sun, 05 Nov 2023 23:02:21 GMT -
GET /ins?cantAVer=12&paginaActual=1 304 - - 133.935 ms Sun, 05 Nov 2023 23:03:11 GMT -
GET /ins?cantAVer=12&paginaActual=1 200 264 - 13.099 ms Sun, 05 Nov 2023 23:09:04 GMT -
GET /api-docs/ 304 - - 7.613 ms Sun, 05 Nov 2023 23:25:58 GMT -
GET /api-docs/swagger-ui.css 304 - - 4.495 ms Sun, 05 Nov 2023 23:25:58 GMT -
GET /api-docs/swagger-ui-bundle.js 304 - - 2.538 ms Sun, 05 Nov 2023 23:25:58 GMT -
GET /api-docs/swagger-ui-init.js 304 - - 0.558 ms Sun, 05 Nov 2023 23:25:58 GMT -
GET /api-docs/swagger-ui-standalone-preset.js 304 - - 3.022 ms Sun, 05 Nov 2023 23:25:58 GMT -
GET /api-docs/favicon-32x32.png 304 - - 0.691 ms Sun, 05 Nov 2023 23:25:59 GMT -
GET /car?cantAVer=12&paginaActual=1 304 - - 98.200 ms Sun, 05 Nov 2023 23:26:07 GMT -
POST /car 201 8 - 59.370 ms Sun, 05 Nov 2023 23:26:32 GMT application/json
PUT /car/4 200 2 - 70.452 ms Sun, 05 Nov 2023 23:27:22 GMT application/json
GET /car/4 200 28 - 19.068 ms Sun, 05 Nov 2023 23:27:31 GMT -
GET /car?cantAVer=12&paginaActual=1 200 93 - 8.980 ms Sun, 05 Nov 2023 23:27:48 GMT -
DELETE /car/4 200 2 - 38.235 ms Sun, 05 Nov 2023 23:27:58 GMT -
GET /car?cantAVer=12&paginaActual=1 200 64 - 4.560 ms Sun, 05 Nov 2023 23:28:03 GMT -
GET /car?cantAVer=12&paginaActual=1 304 - - 3.984 ms Sun, 05 Nov 2023 23:28:04 GMT -
GET /api-docs/ 304 - - 5.852 ms Sun, 05 Nov 2023 23:39:20 GMT -
GET /api-docs/swagger-ui.css 304 - - 4.025 ms Sun, 05 Nov 2023 23:39:20 GMT -
GET /api-docs/swagger-ui-bundle.js 304 - - 4.383 ms Sun, 05 Nov 2023 23:39:20 GMT -
GET /api-docs/swagger-ui-standalone-preset.js 304 - - 2.225 ms Sun, 05 Nov 2023 23:39:20 GMT -
GET /api-docs/swagger-ui-init.js 304 - - 0.998 ms Sun, 05 Nov 2023 23:39:20 GMT -
GET /api-docs/favicon-32x32.png 304 - - 2.120 ms Sun, 05 Nov 2023 23:39:21 GMT -
GET /api-docs/ 304 - - 5.889 ms Sun, 05 Nov 2023 23:40:20 GMT -
GET /api-docs/swagger-ui.css 304 - - 5.208 ms Sun, 05 Nov 2023 23:40:20 GMT -
GET /api-docs/swagger-ui-init.js 304 - - 1.580 ms Sun, 05 Nov 2023 23:40:20 GMT -
GET /api-docs/swagger-ui-bundle.js 304 - - 7.451 ms Sun, 05 Nov 2023 23:40:20 GMT -
GET /api-docs/swagger-ui-standalone-preset.js 304 - - 6.961 ms Sun, 05 Nov 2023 23:40:20 GMT -
GET /api-docs/favicon-32x32.png 304 - - 7.511 ms Sun, 05 Nov 2023 23:40:21 GMT -
GET /mat?cantAVer=121&paginaActual=1 200 145 - 93.282 ms Sun, 05 Nov 2023 23:40:25 GMT -
GET /mat?cantAVer=121&paginaActual=1 304 - - 13.752 ms Sun, 05 Nov 2023 23:41:03 GMT -
POST /mat 201 8 - 52.996 ms Sun, 05 Nov 2023 23:41:17 GMT application/json
GET /mat?cantAVer=121&paginaActual=1 200 241 - 9.568 ms Sun, 05 Nov 2023 23:41:22 GMT -
PUT /mat/4 200 2 - 46.310 ms Sun, 05 Nov 2023 23:42:03 GMT application/json
GET /mat?cantAVer=121&paginaActual=1 200 243 - 6.864 ms Sun, 05 Nov 2023 23:42:08 GMT -
GET /mat/4 200 28 - 5.154 ms Sun, 05 Nov 2023 23:42:18 GMT -
GET /api-docs/ 304 - - 6.269 ms Sun, 05 Nov 2023 23:43:04 GMT -
GET /api-docs/swagger-ui.css 304 - - 2.379 ms Sun, 05 Nov 2023 23:43:04 GMT -
GET /api-docs/swagger-ui-bundle.js 304 - - 1.648 ms Sun, 05 Nov 2023 23:43:04 GMT -
GET /api-docs/swagger-ui-init.js 304 - - 1.381 ms Sun, 05 Nov 2023 23:43:05 GMT -
GET /api-docs/swagger-ui-standalone-preset.js 304 - - 3.253 ms Sun, 05 Nov 2023 23:43:05 GMT -
GET /api-docs/favicon-32x32.png 304 - - 0.744 ms Sun, 05 Nov 2023 23:43:05 GMT -
GET /mat/4 200 82 - 148.931 ms Sun, 05 Nov 2023 23:43:08 GMT -
DELETE /mat/4 200 2 - 64.618 ms Sun, 05 Nov 2023 23:43:21 GMT -
GET /mat?cantAVer=12&paginaActual=1 304 - - 8.182 ms Sun, 05 Nov 2023 23:43:25 GMT -
GET /api-docs/ 304 - - 5.723 ms Sun, 05 Nov 2023 23:50:09 GMT -
GET /api-docs/swagger-ui-init.js 304 - - 1.091 ms Sun, 05 Nov 2023 23:50:09 GMT -
GET /api-docs/swagger-ui.css 304 - - 7.136 ms Sun, 05 Nov 2023 23:50:09 GMT -
GET /api-docs/swagger-ui-bundle.js 304 - - 10.099 ms Sun, 05 Nov 2023 23:50:09 GMT -
GET /api-docs/swagger-ui-standalone-preset.js 304 - - 10.021 ms Sun, 05 Nov 2023 23:50:09 GMT -
GET /api-docs/favicon-32x32.png 304 - - 1.026 ms Sun, 05 Nov 2023 23:50:10 GMT -
GET /ins?cantAVer=12&paginaActual=1 304 - - 92.338 ms Sun, 05 Nov 2023 23:50:20 GMT -
POST /ins 201 8 - 58.755 ms Sun, 05 Nov 2023 23:50:48 GMT application/json
PUT /ins/4 200 2 - 50.526 ms Sun, 05 Nov 2023 23:51:22 GMT application/json
GET /ins/4 200 130 - 15.213 ms Sun, 05 Nov 2023 23:51:46 GMT -
DELETE /ins/2 200 2 - 52.636 ms Sun, 05 Nov 2023 23:51:56 GMT -
GET /ins?cantAVer=12&paginaActual=1 200 241 - 9.273 ms Sun, 05 Nov 2023 23:52:01 GMT -
